D:\MATRIXMULTOPENCL\MATRIXMULTOPENCL\DEBUG\CODIGO.OBJ
D:\MATRIXMULTOPENCL\MATRIXMULTOPENCL\DEBUG\VC110.PDB
D:\MATRIXMULTOPENCL\DEBUG\MATRIXMULTOPENCL.ILK
D:\MATRIXMULTOPENCL\DEBUG\MATRIXMULTOPENCL.EXE
D:\MATRIXMULTOPENCL\DEBUG\MATRIXMULTOPENCL.PDB
D:\Informatikstudium\Semester5WS1415TEC\Programación_concurrente_y_par\Final Project\MatrixMultOpenCL\MatrixMultOpenCL\Debug\Codigo.obj
D:\Informatikstudium\Semester5WS1415TEC\Programación_concurrente_y_par\Final Project\MatrixMultOpenCL\MatrixMultOpenCL\Debug\cl.command.1.tlog
D:\Informatikstudium\Semester5WS1415TEC\Programación_concurrente_y_par\Final Project\MatrixMultOpenCL\MatrixMultOpenCL\Debug\CL.read.1.tlog
D:\Informatikstudium\Semester5WS1415TEC\Programación_concurrente_y_par\Final Project\MatrixMultOpenCL\MatrixMultOpenCL\Debug\CL.write.1.tlog
D:\Informatikstudium\Semester5WS1415TEC\Programación_concurrente_y_par\Final Project\MatrixMultOpenCL\MatrixMultOpenCL\Debug\link-cvtres.read.1.tlog
D:\Informatikstudium\Semester5WS1415TEC\Programación_concurrente_y_par\Final Project\MatrixMultOpenCL\MatrixMultOpenCL\Debug\link-cvtres.write.1.tlog
D:\Informatikstudium\Semester5WS1415TEC\Programación_concurrente_y_par\Final Project\MatrixMultOpenCL\MatrixMultOpenCL\Debug\link-rc.read.1.tlog
D:\Informatikstudium\Semester5WS1415TEC\Programación_concurrente_y_par\Final Project\MatrixMultOpenCL\MatrixMultOpenCL\Debug\link-rc.write.1.tlog
D:\Informatikstudium\Semester5WS1415TEC\Programación_concurrente_y_par\Final Project\MatrixMultOpenCL\MatrixMultOpenCL\Debug\link.5324-cvtres.read.1.tlog
D:\Informatikstudium\Semester5WS1415TEC\Programación_concurrente_y_par\Final Project\MatrixMultOpenCL\MatrixMultOpenCL\Debug\link.5324-cvtres.write.1.tlog
D:\Informatikstudium\Semester5WS1415TEC\Programación_concurrente_y_par\Final Project\MatrixMultOpenCL\MatrixMultOpenCL\Debug\link.5324-rc.read.1.tlog
D:\Informatikstudium\Semester5WS1415TEC\Programación_concurrente_y_par\Final Project\MatrixMultOpenCL\MatrixMultOpenCL\Debug\link.5324-rc.write.1.tlog
D:\Informatikstudium\Semester5WS1415TEC\Programación_concurrente_y_par\Final Project\MatrixMultOpenCL\MatrixMultOpenCL\Debug\link.5324.read.1.tlog
D:\Informatikstudium\Semester5WS1415TEC\Programación_concurrente_y_par\Final Project\MatrixMultOpenCL\MatrixMultOpenCL\Debug\link.5324.write.1.tlog
D:\Informatikstudium\Semester5WS1415TEC\Programación_concurrente_y_par\Final Project\MatrixMultOpenCL\MatrixMultOpenCL\Debug\link.5448-cvtres.read.1.tlog
D:\Informatikstudium\Semester5WS1415TEC\Programación_concurrente_y_par\Final Project\MatrixMultOpenCL\MatrixMultOpenCL\Debug\link.5448-cvtres.write.1.tlog
D:\Informatikstudium\Semester5WS1415TEC\Programación_concurrente_y_par\Final Project\MatrixMultOpenCL\MatrixMultOpenCL\Debug\link.5448-rc.read.1.tlog
D:\Informatikstudium\Semester5WS1415TEC\Programación_concurrente_y_par\Final Project\MatrixMultOpenCL\MatrixMultOpenCL\Debug\link.5448-rc.write.1.tlog
D:\Informatikstudium\Semester5WS1415TEC\Programación_concurrente_y_par\Final Project\MatrixMultOpenCL\MatrixMultOpenCL\Debug\link.5448.read.1.tlog
D:\Informatikstudium\Semester5WS1415TEC\Programación_concurrente_y_par\Final Project\MatrixMultOpenCL\MatrixMultOpenCL\Debug\link.5448.write.1.tlog
D:\Informatikstudium\Semester5WS1415TEC\Programación_concurrente_y_par\Final Project\MatrixMultOpenCL\MatrixMultOpenCL\Debug\link.7032-cvtres.read.1.tlog
D:\Informatikstudium\Semester5WS1415TEC\Programación_concurrente_y_par\Final Project\MatrixMultOpenCL\MatrixMultOpenCL\Debug\link.7032-cvtres.write.1.tlog
D:\Informatikstudium\Semester5WS1415TEC\Programación_concurrente_y_par\Final Project\MatrixMultOpenCL\MatrixMultOpenCL\Debug\link.7032-rc.read.1.tlog
D:\Informatikstudium\Semester5WS1415TEC\Programación_concurrente_y_par\Final Project\MatrixMultOpenCL\MatrixMultOpenCL\Debug\link.7032-rc.write.1.tlog
D:\Informatikstudium\Semester5WS1415TEC\Programación_concurrente_y_par\Final Project\MatrixMultOpenCL\MatrixMultOpenCL\Debug\link.7032.read.1.tlog
D:\Informatikstudium\Semester5WS1415TEC\Programación_concurrente_y_par\Final Project\MatrixMultOpenCL\MatrixMultOpenCL\Debug\link.7032.write.1.tlog
D:\Informatikstudium\Semester5WS1415TEC\Programación_concurrente_y_par\Final Project\MatrixMultOpenCL\MatrixMultOpenCL\Debug\link.command.1.tlog
D:\Informatikstudium\Semester5WS1415TEC\Programación_concurrente_y_par\Final Project\MatrixMultOpenCL\MatrixMultOpenCL\Debug\link.read.1.tlog
D:\Informatikstudium\Semester5WS1415TEC\Programación_concurrente_y_par\Final Project\MatrixMultOpenCL\MatrixMultOpenCL\Debug\link.write.1.tlog
D:\Informatikstudium\Semester5WS1415TEC\Programación_concurrente_y_par\Final Project\MatrixMultOpenCL\MatrixMultOpenCL\Debug\vc110.idb
D:\Informatikstudium\Semester5WS1415TEC\Programación_concurrente_y_par\Final Project\MatrixMultOpenCL\MatrixMultOpenCL\Debug\vc110.pdb
D:\Informatikstudium\Semester5WS1415TEC\Programación_concurrente_y_par\Final Project\MatrixMultOpenCL\Debug\MatrixMultOpenCL.pdb
D:\Informatikstudium\Semester5WS1415TEC\Programación_concurrente_y_par\Final Project\MatrixMultOpenCL\Debug\MatrixMultOpenCL.exe
D:\Informatikstudium\Semester5WS1415TEC\Programación_concurrente_y_par\Final Project\MatrixMultOpenCL\Debug\MatrixMultOpenCL.ilk
