D:\INFORMATIKSTUDIUM\SEMESTER5WS1415TEC\PROGRAMACIóN_CONCURRENTE_Y_PAR\FINAL PROJECT\NBODY\VSSTUDIONBODY\MATRIXMULTOPENCL\DEBUG\MAIN.OBJ
D:\INFORMATIKSTUDIUM\SEMESTER5WS1415TEC\PROGRAMACIóN_CONCURRENTE_Y_PAR\FINAL PROJECT\NBODY\VSSTUDIONBODY\MATRIXMULTOPENCL\DEBUG\NBODY.OBJ
D:\INFORMATIKSTUDIUM\SEMESTER5WS1415TEC\PROGRAMACIÓN_CONCURRENTE_Y_PAR\FINAL PROJECT\NBODY\VSSTUDIONBODY\MATRIXMULTOPENCL\DEBUG\VC110.PDB
D:\INFORMATIKSTUDIUM\SEMESTER5WS1415TEC\PROGRAMACIóN_CONCURRENTE_Y_PAR\FINAL PROJECT\NBODY\VSSTUDIONBODY\DEBUG\NBODYVSSTUDIO.ILK
D:\INFORMATIKSTUDIUM\SEMESTER5WS1415TEC\PROGRAMACIóN_CONCURRENTE_Y_PAR\FINAL PROJECT\NBODY\VSSTUDIONBODY\DEBUG\NBODYVSSTUDIO.EXE
D:\INFORMATIKSTUDIUM\SEMESTER5WS1415TEC\PROGRAMACIÓN_CONCURRENTE_Y_PAR\FINAL PROJECT\NBODY\VSSTUDIONBODY\DEBUG\NBODYVSSTUDIO.PDB
D:\Informatikstudium\Semester5WS1415TEC\Programación_concurrente_y_par\Final Project\nbody\VSStudioNBody\MatrixMultOpenCL\Debug\main.obj
D:\Informatikstudium\Semester5WS1415TEC\Programación_concurrente_y_par\Final Project\nbody\VSStudioNBody\MatrixMultOpenCL\Debug\nbody.obj
D:\Informatikstudium\Semester5WS1415TEC\Programación_concurrente_y_par\Final Project\nbody\VSStudioNBody\MatrixMultOpenCL\Debug\cl.command.1.tlog
D:\Informatikstudium\Semester5WS1415TEC\Programación_concurrente_y_par\Final Project\nbody\VSStudioNBody\MatrixMultOpenCL\Debug\CL.read.1.tlog
D:\Informatikstudium\Semester5WS1415TEC\Programación_concurrente_y_par\Final Project\nbody\VSStudioNBody\MatrixMultOpenCL\Debug\CL.write.1.tlog
D:\Informatikstudium\Semester5WS1415TEC\Programación_concurrente_y_par\Final Project\nbody\VSStudioNBody\MatrixMultOpenCL\Debug\link-cvtres.read.1.tlog
D:\Informatikstudium\Semester5WS1415TEC\Programación_concurrente_y_par\Final Project\nbody\VSStudioNBody\MatrixMultOpenCL\Debug\link-cvtres.write.1.tlog
D:\Informatikstudium\Semester5WS1415TEC\Programación_concurrente_y_par\Final Project\nbody\VSStudioNBody\MatrixMultOpenCL\Debug\link-rc.read.1.tlog
D:\Informatikstudium\Semester5WS1415TEC\Programación_concurrente_y_par\Final Project\nbody\VSStudioNBody\MatrixMultOpenCL\Debug\link-rc.write.1.tlog
D:\Informatikstudium\Semester5WS1415TEC\Programación_concurrente_y_par\Final Project\nbody\VSStudioNBody\MatrixMultOpenCL\Debug\link.command.1.tlog
D:\Informatikstudium\Semester5WS1415TEC\Programación_concurrente_y_par\Final Project\nbody\VSStudioNBody\MatrixMultOpenCL\Debug\link.read.1.tlog
D:\Informatikstudium\Semester5WS1415TEC\Programación_concurrente_y_par\Final Project\nbody\VSStudioNBody\MatrixMultOpenCL\Debug\link.write.1.tlog
D:\Informatikstudium\Semester5WS1415TEC\Programación_concurrente_y_par\Final Project\nbody\VSStudioNBody\MatrixMultOpenCL\Debug\vc110.idb
D:\Informatikstudium\Semester5WS1415TEC\Programación_concurrente_y_par\Final Project\nbody\VSStudioNBody\MatrixMultOpenCL\Debug\vc110.pdb
D:\Informatikstudium\Semester5WS1415TEC\Programación_concurrente_y_par\Final Project\nbody\VSStudioNBody\Debug\NBodyVSStudio.pdb
D:\Informatikstudium\Semester5WS1415TEC\Programación_concurrente_y_par\Final Project\nbody\VSStudioNBody\Debug\NBodyVSStudio.exe
D:\Informatikstudium\Semester5WS1415TEC\Programación_concurrente_y_par\Final Project\nbody\VSStudioNBody\Debug\NBodyVSStudio.ilk
